<?xml version="1.0" encoding="UTF-8"?>
<!-- Generated by org.testng.reporters.JUnitReportReporter -->
<testsuite hostname="DESKTOP-9N9KETG" failures="0" tests="4" name="javaPackage1.TestNG2" time="0.016" errors="0" timestamp="2023-06-19T16:04:53 IST" skipped="0">
  <testcase classname="javaPackage1.TestNG2" name="a3" time="0.008"/>
  <system-out/>
  <testcase classname="javaPackage1.TestNG2" name="z" time="0.002"/>
  <system-out/>
  <testcase classname="javaPackage1.TestNG2" name="z1" time="0.002"/>
  <system-out/>
  <testcase classname="javaPackage1.TestNG2" name="ab" time="0.004"/>
  <system-out/>
</testsuite> <!-- javaPackage1.TestNG2 -->
