<?xml version="1.0" encoding="UTF-8"?>
<!-- Generated by org.testng.reporters.JUnitReportReporter -->
<testsuite hostname="DESKTOP-9N9KETG" failures="0" tests="1" name="javaPackage1.Assert1" time="16.969" errors="0" timestamp="2023-06-19T21:59:15 IST" skipped="0">
  <testcase classname="javaPackage1.Assert1" name="testcase1" time="16.969"/>
  <system-out/>
</testsuite> <!-- javaPackage1.Assert1 -->
