<?xml version="1.0" encoding="UTF-8"?>
<!-- Generated by org.testng.reporters.JUnitReportReporter -->
<testsuite hostname="DESKTOP-9N9KETG" failures="0" tests="6" name="javaPackage1.T4" time="0.010" errors="0" timestamp="2023-06-19T16:04:53 IST" skipped="1">
  <testcase classname="javaPackage1.T4" name="c" time="0.001"/>
  <system-out/>
  <testcase classname="javaPackage1.T4" name="g" time="0.002"/>
  <system-out/>
  <testcase classname="javaPackage1.T4" name="a" time="0.002"/>
  <system-out/>
  <testcase classname="javaPackage1.T4" name="m" time="0.002"/>
  <system-out/>
  <testcase classname="javaPackage1.T4" name="c" time="0.003"/>
  <system-out/>
  <testcase classname="javaPackage1.T4" name="b">
    <skipped/>
  </testcase> <!-- b -->
  <system-out/>
</testsuite> <!-- javaPackage1.T4 -->
