<?xml version="1.0" encoding="UTF-8"?>
<!-- Generated by org.testng.reporters.JUnitReportReporter -->
<testsuite hostname="DESKTOP-9N9KETG" failures="0" tests="1" name="javaPackage1.TestNg1" time="0.002" errors="0" timestamp="2023-06-19T16:04:53 IST" skipped="0">
  <testcase classname="javaPackage1.TestNg1" name="a" time="0.002"/>
  <system-out/>
</testsuite> <!-- javaPackage1.TestNg1 -->
